execve("./pipe", ["./pipe", "ls", "wc", "cat", "cat"], 0x7ffee7ba67d0 /* 31 vars */) = 0
brk(NULL)                               = 0x558a3cbdf000
arch_prctl(0x3001 /* ARCH_??? */, 0x7ffd1f79a7e0) = -1 EINVAL (Invalid argument)
access("/etc/ld.so.preload", R_OK)      = -1 ENOENT (No such file or directory)
openat(AT_FDCWD, "/etc/ld.so.cache", O_RDONLY|O_CLOEXEC) = 3
newfstatat(3, "", {st_mode=S_IFREG|0644, st_size=101052, ...}, AT_EMPTY_PATH) = 0
mmap(NULL, 101052, PROT_READ, MAP_PRIVATE, 3, 0) = 0x7f04174ae000
close(3)                                = 0
openat(AT_FDCWD, "/usr/lib/libc.so.6", O_RDONLY|O_CLOEXEC) = 3
read(3, "\177ELF\2\1\1\3\0\0\0\0\0\0\0\0\3\0>\0\1\0\0\0`|\2\0\0\0\0\0"..., 832) = 832
pread64(3, "\6\0\0\0\4\0\0\0@\0\0\0\0\0\0\0@\0\0\0\0\0\0\0@\0\0\0\0\0\0\0"..., 784, 64) = 784
pread64(3, "\4\0\0\0@\0\0\0\5\0\0\0GNU\0\2\0\0\300\4\0\0\0\3\0\0\0\0\0\0\0"..., 80, 848) = 80
pread64(3, "\4\0\0\0\24\0\0\0\3\0\0\0GNU\0K@g7\5w\10\300\344\306B4Zp<G"..., 68, 928) = 68
newfstatat(3, "", {st_mode=S_IFREG|0755, st_size=2150424, ...}, AT_EMPTY_PATH) = 0
mmap(NULL, 8192, PROT_READ|PROT_WRITE, MAP_PRIVATE|MAP_ANONYMOUS, -1, 0) = 0x7f04174ac000
pread64(3, "\6\0\0\0\4\0\0\0@\0\0\0\0\0\0\0@\0\0\0\0\0\0\0@\0\0\0\0\0\0\0"..., 784, 64) = 784
mmap(NULL, 1880536, PROT_READ, MAP_PRIVATE|MAP_DENYWRITE, 3, 0) = 0x7f04172e0000
mmap(0x7f0417306000, 1355776, PROT_READ|PROT_EXEC, MAP_PRIVATE|MAP_FIXED|MAP_DENYWRITE, 3, 0x26000) = 0x7f0417306000
mmap(0x7f0417451000, 311296, PROT_READ, MAP_PRIVATE|MAP_FIXED|MAP_DENYWRITE, 3, 0x171000) = 0x7f0417451000
mmap(0x7f041749d000, 24576, PROT_READ|PROT_WRITE, MAP_PRIVATE|MAP_FIXED|MAP_DENYWRITE, 3, 0x1bc000) = 0x7f041749d000
mmap(0x7f04174a3000, 33240, PROT_READ|PROT_WRITE, MAP_PRIVATE|MAP_FIXED|MAP_ANONYMOUS, -1, 0) = 0x7f04174a3000
close(3)                                = 0
mmap(NULL, 8192, PROT_READ|PROT_WRITE, MAP_PRIVATE|MAP_ANONYMOUS, -1, 0) = 0x7f04172de000
arch_prctl(ARCH_SET_FS, 0x7f04174ad580) = 0
mprotect(0x7f041749d000, 12288, PROT_READ) = 0
mprotect(0x558a3bc43000, 4096, PROT_READ) = 0
mprotect(0x7f04174f5000, 8192, PROT_READ) = 0
munmap(0x7f04174ae000, 101052)          = 0
pipe([3, 4])                            = 0
clone(child_stack=NULL, flags=CLONE_CHILD_CLEARTID|CLONE_CHILD_SETTID|SIGCHLD, child_tidptr=0x7f04174ad850) = 1330
close(4)                                = 0
--- SIGCHLD {si_signo=SIGCHLD, si_code=CLD_EXITED, si_pid=1330, si_uid=1000, si_status=0, si_utime=0, si_stime=0} ---
pipe([4, 5])                            = 0
clone(child_stack=NULL, flags=CLONE_CHILD_CLEARTID|CLONE_CHILD_SETTID|SIGCHLD, child_tidptr=0x7f04174ad850) = 1331
close(5)                                = 0
close(3)                                = 0
pipe([3, 5])                            = 0
clone(child_stack=NULL, flags=CLONE_CHILD_CLEARTID|CLONE_CHILD_SETTID|SIGCHLD, child_tidptr=0x7f04174ad850) = ? ERESTARTNOINTR (To be restarted)
--- SIGCHLD {si_signo=SIGCHLD, si_code=CLD_EXITED, si_pid=1331, si_uid=1000, si_status=0, si_utime=0, si_stime=0} ---
clone(child_stack=NULL, flags=CLONE_CHILD_CLEARTID|CLONE_CHILD_SETTID|SIGCHLD, child_tidptr=0x7f04174ad850) = 1332
close(5)                                = 0
--- SIGCHLD {si_signo=SIGCHLD, si_code=CLD_EXITED, si_pid=1332, si_uid=1000, si_status=0, si_utime=0, si_stime=0} ---
close(4)                                = 0
pipe([4, 5])                            = 0
clone(child_stack=NULL, flags=CLONE_CHILD_CLEARTID|CLONE_CHILD_SETTID|SIGCHLD, child_tidptr=0x7f04174ad850) = 1333
close(5)                                = 0
close(3)                                = 0
wait4(-1, [{WIFEXITED(s) && WEXITSTATUS(s) == 0}], 0, NULL) = 1330
--- SIGCHLD {si_signo=SIGCHLD, si_code=CLD_EXITED, si_pid=1333, si_uid=1000, si_status=0, si_utime=0, si_stime=0} ---
wait4(-1, [{WIFEXITED(s) && WEXITSTATUS(s) == 0}], 0, NULL) = 1331
wait4(-1, [{WIFEXITED(s) && WEXITSTATUS(s) == 0}], 0, NULL) = 1332
wait4(-1, [{WIFEXITED(s) && WEXITSTATUS(s) == 0}], 0, NULL) = 1333
exit_group(0)                           = ?
+++ exited with 0 +++
